  main.cpp
E:\学习\大三上\计算机图形学\实验\实验二\实验2.3\实验2.3_留空代码\main.cpp(1,1): warning C4819: 该文件包含不能在当前代码页(936)中表示的字符。请将该文件保存为 Unicode 格式以防止数据丢失
E:\学习\大三上\计算机图形学\实验\实验二\实验2.3\实验2.3_留空代码\include\Angel.h(64,47): warning C4305: “初始化”: 从“double”到“GLfloat”截断
E:\学习\大三上\计算机图形学\实验\实验二\实验2.3\实验2.3_留空代码\main.cpp(136,56): warning C4267: “参数”: 从“size_t”转换到“GLsizei”，可能丢失数据
E:\学习\大三上\计算机图形学\实验\实验二\实验2.3\实验2.3_留空代码\main.cpp(144,40): warning C4244: “+=”: 从“double”转换到“T”，可能丢失数据
          with
          [
              T=float
          ]
E:\学习\大三上\计算机图形学\实验\实验二\实验2.3\实验2.3_留空代码\main.cpp(147,42): warning C4244: “+=”: 从“double”转换到“T”，可能丢失数据
          with
          [
              T=float
          ]
E:\学习\大三上\计算机图形学\实验\实验二\实验2.3\实验2.3_留空代码\main.cpp(150,48): warning C4244: “+=”: 从“double”转换到“T”，可能丢失数据
          with
          [
              T=float
          ]
  main.vcxproj -> E:\学习\大三上\计算机图形学\实验\实验二\实验2.3\实验2.3_留空代码\Debug\main.exe
