  main.cpp
E:\学习\大三上\计算机图形学\实验\实验三\实验三\实验三代码\main.cpp(1,1): warning C4819: 该文件包含不能在当前代码页(936)中表示的字符。请将该文件保存为 Unicode 格式以防止数据丢失
E:\学习\大三上\计算机图形学\实验\实验三\实验三\实验三代码\include\Angel.h(64,47): warning C4305: “初始化”: 从“double”到“GLfloat”截断
E:\学习\大三上\计算机图形学\实验\实验三\实验三\实验三代码\include\Camera.h(46,14): warning C4305: “初始化”: 从“double”到“float”截断
E:\学习\大三上\计算机图形学\实验\实验三\实验三\实验三代码\main.cpp(42,27): warning C4305: “初始化”: 从“double”到“float”截断
E:\学习\大三上\计算机图形学\实验\实验三\实验三\实验三代码\main.cpp(138,19): warning C4244: “初始化”: 从“double”转换到“float”，可能丢失数据
E:\学习\大三上\计算机图形学\实验\实验三\实验三\实验三代码\main.cpp(139,19): warning C4244: “初始化”: 从“double”转换到“float”，可能丢失数据
E:\学习\大三上\计算机图形学\实验\实验三\实验三\实验三代码\main.cpp(219,56): warning C4267: “参数”: 从“size_t”转换到“GLsizei”，可能丢失数据
E:\学习\大三上\计算机图形学\实验\实验三\实验三\实验三代码\main.cpp(239,56): warning C4267: “参数”: 从“size_t”转换到“GLsizei”，可能丢失数据
E:\学习\大三上\计算机图形学\实验\实验三\实验三\实验三代码\main.cpp(330,23): warning C4244: “=”: 从“const _Ty”转换到“T”，可能丢失数据
          with
          [
              _Ty=double
          ]
          and
          [
              T=float
          ]
E:\学习\大三上\计算机图形学\实验\实验三\实验三\实验三代码\main.cpp(337,23): warning C4244: “=”: 从“const _Ty”转换到“T”，可能丢失数据
          with
          [
              _Ty=double
          ]
          and
          [
              T=float
          ]
E:\学习\大三上\计算机图形学\实验\实验三\实验三\实验三代码\main.cpp(344,23): warning C4244: “=”: 从“const _Ty”转换到“T”，可能丢失数据
          with
          [
              _Ty=double
          ]
          and
          [
              T=float
          ]
E:\学习\大三上\计算机图形学\实验\实验三\实验三\实验三代码\main.cpp(351,23): warning C4244: “=”: 从“const _Ty”转换到“T”，可能丢失数据
          with
          [
              _Ty=double
          ]
          and
          [
              T=float
          ]
E:\学习\大三上\计算机图形学\实验\实验三\实验三\实验三代码\main.cpp(358,23): warning C4244: “=”: 从“const _Ty”转换到“T”，可能丢失数据
          with
          [
              _Ty=double
          ]
          and
          [
              T=float
          ]
E:\学习\大三上\计算机图形学\实验\实验三\实验三\实验三代码\main.cpp(365,23): warning C4244: “=”: 从“const _Ty”转换到“T”，可能丢失数据
          with
          [
              _Ty=double
          ]
          and
          [
              T=float
          ]
E:\学习\大三上\计算机图形学\实验\实验三\实验三\实验三代码\main.cpp(372,23): warning C4244: “=”: 从“const _Ty”转换到“T”，可能丢失数据
          with
          [
              _Ty=double
          ]
          and
          [
              T=float
          ]
E:\学习\大三上\计算机图形学\实验\实验三\实验三\实验三代码\main.cpp(379,23): warning C4244: “=”: 从“const _Ty”转换到“T”，可能丢失数据
          with
          [
              _Ty=double
          ]
          and
          [
              T=float
          ]
E:\学习\大三上\计算机图形学\实验\实验三\实验三\实验三代码\main.cpp(386,23): warning C4244: “=”: 从“const _Ty”转换到“T”，可能丢失数据
          with
          [
              _Ty=double
          ]
          and
          [
              T=float
          ]
E:\学习\大三上\计算机图形学\实验\实验三\实验三\实验三代码\main.cpp(393,23): warning C4244: “=”: 从“const _Ty”转换到“T”，可能丢失数据
          with
          [
              _Ty=double
          ]
          and
          [
              T=float
          ]
E:\学习\大三上\计算机图形学\实验\实验三\实验三\实验三代码\main.cpp(400,23): warning C4244: “=”: 从“const _Ty”转换到“T”，可能丢失数据
          with
          [
              _Ty=double
          ]
          and
          [
              T=float
          ]
E:\学习\大三上\计算机图形学\实验\实验三\实验三\实验三代码\main.cpp(407,23): warning C4244: “=”: 从“const _Ty”转换到“T”，可能丢失数据
          with
          [
              _Ty=double
          ]
          and
          [
              T=float
          ]
E:\学习\大三上\计算机图形学\实验\实验三\实验三\实验三代码\main.cpp(414,24): warning C4244: “=”: 从“const _Ty”转换到“T”，可能丢失数据
          with
          [
              _Ty=double
          ]
          and
          [
              T=float
          ]
E:\学习\大三上\计算机图形学\实验\实验三\实验三\实验三代码\main.cpp(421,24): warning C4244: “=”: 从“const _Ty”转换到“T”，可能丢失数据
          with
          [
              _Ty=double
          ]
          and
          [
              T=float
          ]
E:\学习\大三上\计算机图形学\实验\实验三\实验三\实验三代码\main.cpp(428,24): warning C4244: “=”: 从“const _Ty”转换到“T”，可能丢失数据
          with
          [
              _Ty=double
          ]
          and
          [
              T=float
          ]
E:\学习\大三上\计算机图形学\实验\实验三\实验三\实验三代码\main.cpp(435,24): warning C4244: “=”: 从“const _Ty”转换到“T”，可能丢失数据
          with
          [
              _Ty=double
          ]
          and
          [
              T=float
          ]
E:\学习\大三上\计算机图形学\实验\实验三\实验三\实验三代码\main.cpp(442,24): warning C4244: “=”: 从“const _Ty”转换到“T”，可能丢失数据
          with
          [
              _Ty=double
          ]
          and
          [
              T=float
          ]
E:\学习\大三上\计算机图形学\实验\实验三\实验三\实验三代码\main.cpp(449,24): warning C4244: “=”: 从“const _Ty”转换到“T”，可能丢失数据
          with
          [
              _Ty=double
          ]
          and
          [
              T=float
          ]
E:\学习\大三上\计算机图形学\实验\实验三\实验三\实验三代码\main.cpp(462,23): warning C4305: “=”: 从“double”到“float”截断
E:\学习\大三上\计算机图形学\实验\实验三\实验三\实验三代码\main.cpp(505,24): warning C4305: “+=”: 从“double”到“float”截断
E:\学习\大三上\计算机图形学\实验\实验三\实验三\实验三代码\main.cpp(509,24): warning C4305: “-=”: 从“double”到“float”截断
  main.vcxproj -> E:\学习\大三上\计算机图形学\实验\实验三\实验三\实验三代码\Debug\main.exe
