  main.cpp
E:\学习\大三上\计算机图形学\实验\实验三\实验3.4\实验3.4_留空代码\main.cpp(1,1): warning C4819: 该文件包含不能在当前代码页(936)中表示的字符。请将该文件保存为 Unicode 格式以防止数据丢失
E:\学习\大三上\计算机图形学\实验\实验三\实验3.4\实验3.4_留空代码\include\Angel.h(64,47): warning C4305: “初始化”: 从“double”到“GLfloat”截断
E:\学习\大三上\计算机图形学\实验\实验三\实验3.4\实验3.4_留空代码\include\Camera.h(46,14): warning C4305: “初始化”: 从“double”到“float”截断
E:\学习\大三上\计算机图形学\实验\实验三\实验3.4\实验3.4_留空代码\main.cpp(135,20): warning C4244: “初始化”: 从“double”转换到“float”，可能丢失数据
E:\学习\大三上\计算机图形学\实验\实验三\实验3.4\实验3.4_留空代码\main.cpp(136,20): warning C4244: “初始化”: 从“double”转换到“float”，可能丢失数据
E:\学习\大三上\计算机图形学\实验\实验三\实验3.4\实验3.4_留空代码\main.cpp(216,56): warning C4267: “参数”: 从“size_t”转换到“GLsizei”，可能丢失数据
E:\学习\大三上\计算机图形学\实验\实验三\实验3.4\实验3.4_留空代码\main.cpp(297,23): warning C4244: “=”: 从“const _Ty”转换到“T”，可能丢失数据
          with
          [
              _Ty=double
          ]
          and
          [
              T=float
          ]
E:\学习\大三上\计算机图形学\实验\实验三\实验3.4\实验3.4_留空代码\main.cpp(304,23): warning C4244: “=”: 从“const _Ty”转换到“T”，可能丢失数据
          with
          [
              _Ty=double
          ]
          and
          [
              T=float
          ]
E:\学习\大三上\计算机图形学\实验\实验三\实验3.4\实验3.4_留空代码\main.cpp(311,23): warning C4244: “=”: 从“const _Ty”转换到“T”，可能丢失数据
          with
          [
              _Ty=double
          ]
          and
          [
              T=float
          ]
E:\学习\大三上\计算机图形学\实验\实验三\实验3.4\实验3.4_留空代码\main.cpp(318,23): warning C4244: “=”: 从“const _Ty”转换到“T”，可能丢失数据
          with
          [
              _Ty=double
          ]
          and
          [
              T=float
          ]
E:\学习\大三上\计算机图形学\实验\实验三\实验3.4\实验3.4_留空代码\main.cpp(325,23): warning C4244: “=”: 从“const _Ty”转换到“T”，可能丢失数据
          with
          [
              _Ty=double
          ]
          and
          [
              T=float
          ]
E:\学习\大三上\计算机图形学\实验\实验三\实验3.4\实验3.4_留空代码\main.cpp(332,23): warning C4244: “=”: 从“const _Ty”转换到“T”，可能丢失数据
          with
          [
              _Ty=double
          ]
          and
          [
              T=float
          ]
  main.vcxproj -> E:\学习\大三上\计算机图形学\实验\实验三\实验3.4\实验3.4_留空代码\Debug\main.exe
