  Camera.cpp
E:\学习\大三上\计算机图形学\实验\实验三\实验3.1\实验3.1_留空代码\include\Angel.h(64,47): warning C4305: “初始化”: 从“double”到“GLfloat”截断
E:\学习\大三上\计算机图形学\实验\实验三\实验3.1\实验3.1_留空代码\include\Camera.h(44,14): warning C4305: “初始化”: 从“double”到“float”截断
E:\学习\大三上\计算机图形学\实验\实验三\实验3.1\实验3.1_留空代码\Camera.cpp(39,16): warning C4244: “=”: 从“double”转换到“T”，可能丢失数据
          with
          [
              T=float
          ]
E:\学习\大三上\计算机图形学\实验\实验三\实验3.1\实验3.1_留空代码\Camera.cpp(40,16): warning C4244: “=”: 从“double”转换到“T”，可能丢失数据
          with
          [
              T=float
          ]
E:\学习\大三上\计算机图形学\实验\实验三\实验3.1\实验3.1_留空代码\Camera.cpp(41,17): warning C4244: “=”: 从“double”转换到“T”，可能丢失数据
          with
          [
              T=float
          ]
E:\学习\大三上\计算机图形学\实验\实验三\实验3.1\实验3.1_留空代码\Camera.cpp(53,14): warning C4244: “初始化”: 从“double”转换到“GLfloat”，可能丢失数据
E:\学习\大三上\计算机图形学\实验\实验三\实验3.1\实验3.1_留空代码\Camera.cpp(59,32): warning C4244: “=”: 从“double”转换到“T”，可能丢失数据
          with
          [
              T=float
          ]
E:\学习\大三上\计算机图形学\实验\实验三\实验3.1\实验3.1_留空代码\Camera.cpp(70,24): warning C4244: “=”: 从“double”转换到“T”，可能丢失数据
          with
          [
              T=float
          ]
E:\学习\大三上\计算机图形学\实验\实验三\实验3.1\实验3.1_留空代码\Camera.cpp(72,24): warning C4244: “=”: 从“double”转换到“T”，可能丢失数据
          with
          [
              T=float
          ]
E:\学习\大三上\计算机图形学\实验\实验三\实验3.1\实验3.1_留空代码\Camera.cpp(75,32): warning C4244: “=”: 从“double”转换到“T”，可能丢失数据
          with
          [
              T=float
          ]
E:\学习\大三上\计算机图形学\实验\实验三\实验3.1\实验3.1_留空代码\Camera.cpp(102,13): warning C4244: “初始化”: 从“double”转换到“float”，可能丢失数据
E:\学习\大三上\计算机图形学\实验\实验三\实验3.1\实验3.1_留空代码\Camera.cpp(103,13): warning C4244: “初始化”: 从“double”转换到“float”，可能丢失数据
E:\学习\大三上\计算机图形学\实验\实验三\实验3.1\实验3.1_留空代码\Camera.cpp(104,13): warning C4244: “初始化”: 从“double”转换到“float”，可能丢失数据
E:\学习\大三上\计算机图形学\实验\实验三\实验3.1\实验3.1_留空代码\Camera.cpp(137,16): warning C4305: “+=”: 从“double”到“float”截断
E:\学习\大三上\计算机图形学\实验\实验三\实验3.1\实验3.1_留空代码\Camera.cpp(141,16): warning C4305: “-=”: 从“double”到“float”截断
E:\学习\大三上\计算机图形学\实验\实验三\实验3.1\实验3.1_留空代码\Camera.cpp(153,16): warning C4305: “+=”: 从“double”到“float”截断
E:\学习\大三上\计算机图形学\实验\实验三\实验3.1\实验3.1_留空代码\Camera.cpp(157,16): warning C4305: “-=”: 从“double”到“float”截断
E:\学习\大三上\计算机图形学\实验\实验三\实验3.1\实验3.1_留空代码\Camera.cpp(161,15): warning C4305: “+=”: 从“double”到“float”截断
E:\学习\大三上\计算机图形学\实验\实验三\实验3.1\实验3.1_留空代码\Camera.cpp(165,15): warning C4305: “-=”: 从“double”到“float”截断
  main.vcxproj -> E:\学习\大三上\计算机图形学\实验\实验三\实验3.1\实验3.1_留空代码\Debug\main.exe
